<?xml version="1.0" encoding="UTF-8"?>
<!-- Generated by org.testng.reporters.JUnitReportReporter -->
<testsuite hostname="DESKTOP-JTHKSFA" failures="0" tests="3" name="com.training.sanity.tests.LoginTests" time="35.859" errors="0" timestamp="12 May 2020 04:32:39 GMT" skipped="0">
  <testcase classname="com.training.sanity.tests.LoginTests" name="firstTest" time="11.514"/>
  <testcase classname="com.training.sanity.tests.LoginTests" name="secondTest" time="12.444"/>
  <testcase classname="com.training.sanity.tests.LoginTests" name="thirdTest" time="11.901"/>
</testsuite> <!-- com.training.sanity.tests.LoginTests -->
