<?xml version="1.0" encoding="UTF-8"?>
<!-- Generated by org.testng.reporters.JUnitReportReporter -->
<testsuite hostname="DESKTOP-JTHKSFA" failures="0" tests="3" name="com.training.sanity.tests.LoginTests" time="39.396" errors="0" timestamp="08 May 2020 02:09:33 GMT" skipped="0">
  <testcase classname="com.training.sanity.tests.LoginTests" name="firstTest" time="12.897"/>
  <testcase classname="com.training.sanity.tests.LoginTests" name="secondTest" time="13.236"/>
  <testcase classname="com.training.sanity.tests.LoginTests" name="thirdTest" time="13.263"/>
</testsuite> <!-- com.training.sanity.tests.LoginTests -->
